2022-05-10 09:29:47,986 INFO  [org.jboss.modules] (main) JBoss Modules version 2.0.2.Final
2022-05-10 09:29:49,612 INFO  [org.jboss.msc] (main) JBoss MSC version 1.4.13.Final
2022-05-10 09:29:49,620 INFO  [org.jboss.threads] (main) JBoss Threads version 2.4.0.Final
2022-05-10 09:29:49,729 INFO  [org.jboss.as] (MSC service thread 1-1) WFLYSRV0049: WildFly Full 26.1.0.Final (WildFly Core 18.1.0.Final) starting
2022-05-10 09:29:49,730 DEBUG [org.jboss.as.config] (MSC service thread 1-1) Configured system properties:
	file.encoding = Cp1252
	file.separator = \
	java.awt.headless = true
	java.class.path = C:\Users\JITS\Desktop\package_KTB\wildfly-26.1.0.Final\jboss-modules.jar;D:\wildfly-26.1.0.Final\jboss-modules.jar
	java.class.version = 61.0
	java.home = C:\Program Files\Java\jdk-17.0.3.1
	java.io.tmpdir = C:\Users\JITS\AppData\Local\Temp\
	java.library.path = C:\Program Files\Java\jdk-17.0.3.1\bin;C:\Windows\Sun\Java\bin;C:\Windows\system32;C:\Windows;native;C:\Program Files\Common Files\Oracle\Java\javapath;C:\Windows\system32;C:\Windows;C:\Windows\System32\Wbem;C:\Windows\System32\WindowsPowerShell\v1.0\;C:\Windows\System32\OpenSSH\;C:\Program Files\Git\cmd;C:\Program Files\nodejs\;C:\Program Files\PuTTY\;C:\Program Files\dotnet\;C:\Program Files\Redis\;C:\Program Files\MySQL\MySQL Shell 8.0\bin\;C:\Users\JITS\AppData\Local\Microsoft\WindowsApps;C:\Users\JITS\AppData\Local\GitHubDesktop\bin;C:\Users\JITS\AppData\Roaming\npm;C:\Users\JITS\AppData\Local\Programs\Microsoft VS Code\bin;C:\Program Files\Java\jdk-17.0.3.1\bin;;.
	java.net.preferIPv4Stack = true
	java.runtime.name = Java(TM) SE Runtime Environment
	java.runtime.version = 17.0.3.1+2-LTS-6
	java.specification.name = Java Platform API Specification
	java.specification.vendor = Oracle Corporation
	java.specification.version = 17
	java.util.logging.manager = org.jboss.logmanager.LogManager
	java.vendor = Oracle Corporation
	java.vendor.url = https://java.oracle.com/
	java.vendor.url.bug = https://bugreport.java.com/bugreport/
	java.version = 17.0.3.1
	java.version.date = 2022-04-22
	java.vm.compressedOopsMode = 32-bit
	java.vm.info = mixed mode, sharing
	java.vm.name = Java HotSpot(TM) 64-Bit Server VM
	java.vm.specification.name = Java Virtual Machine Specification
	java.vm.specification.vendor = Oracle Corporation
	java.vm.specification.version = 17
	java.vm.vendor = Oracle Corporation
	java.vm.version = 17.0.3.1+2-LTS-6
	javax.management.builder.initial = org.jboss.as.jmx.PluggableMBeanServerBuilder
	jboss.bind.address = localhost
	jboss.bind.address.management = localhost
	jboss.home.dir = D:\wildfly-26.1.0.Final
	jboss.host.name = 5cg7450vf2
	jboss.modules.dir = D:\wildfly-26.1.0.Final\modules
	jboss.modules.system.pkgs = org.jboss.byteman
	jboss.node.name = 5cg7450vf2
	jboss.qualified.host.name = 5cg7450vf2
	jboss.server.base.dir = D:\wildfly-26.1.0.Final\standalone
	jboss.server.config.dir = D:\wildfly-26.1.0.Final\standalone\configuration
	jboss.server.data.dir = D:\wildfly-26.1.0.Final\standalone\data
	jboss.server.deploy.dir = D:\wildfly-26.1.0.Final\standalone\data\content
	jboss.server.log.dir = D:\wildfly-26.1.0.Final\standalone\log
	jboss.server.name = 5cg7450vf2
	jboss.server.persist.config = true
	jboss.server.temp.dir = D:\wildfly-26.1.0.Final\standalone\tmp
	jdk.debug = release
	line.separator = 

	logging.configuration = file:D:\wildfly-26.1.0.Final\standalone\configuration\logging.properties
	module.path = D:\wildfly-26.1.0.Final\modules
	native.encoding = Cp1252
	org.jboss.boot.log.file = D:\wildfly-26.1.0.Final\standalone\log\boot.log
	org.jboss.logmanager.nocolor = true
	org.jboss.resolver.warning = true
	os.arch = amd64
	os.name = Windows 10
	os.version = 10.0
	path.separator = ;
	program.name = JBossTools: WildFly 24+
	sun.arch.data.model = 64
	sun.boot.library.path = C:\Program Files\Java\jdk-17.0.3.1\bin
	sun.cpu.endian = little
	sun.cpu.isalist = amd64
	sun.io.unicode.encoding = UnicodeLittle
	sun.java.command = org.jboss.modules.Main -mp D:\wildfly-26.1.0.Final\modules org.jboss.as.standalone -b localhost --server-config=standalone.xml -Djboss.server.base.dir=D:\wildfly-26.1.0.Final\standalone
	sun.java.launcher = SUN_STANDARD
	sun.jnu.encoding = Cp1252
	sun.management.compiler = HotSpot 64-Bit Tiered Compilers
	sun.os.patch.level = 
	sun.rmi.dgc.client.gcInterval = 3600000
	sun.rmi.dgc.server.gcInterval = 3600000
	user.country = US
	user.dir = D:\wildfly-26.1.0.Final\bin
	user.home = C:\Users\JITS
	user.language = en
	user.name = JITS
	user.script = 
	user.timezone = Asia/Bangkok
	user.variant = 
2022-05-10 09:29:49,734 DEBUG [org.jboss.as.config] (MSC service thread 1-1) VM Arguments: -Dprogram.name=JBossTools: WildFly 24+ -Xms64m -Xmx512m -Dorg.jboss.resolver.warning=true -Djava.net.preferIPv4Stack=true -Dsun.rmi.dgc.client.gcInterval=3600000 -Dsun.rmi.dgc.server.gcInterval=3600000 -Djboss.modules.system.pkgs=org.jboss.byteman -Djava.awt.headless=true -Dorg.jboss.boot.log.file=D:\wildfly-26.1.0.Final\standalone\log\boot.log -Dlogging.configuration=file:D:\wildfly-26.1.0.Final\standalone\configuration\logging.properties -Djboss.home.dir=D:\wildfly-26.1.0.Final -Dorg.jboss.logmanager.nocolor=true -Djboss.bind.address.management=localhost --add-exports=java.base/sun.nio.ch=ALL-UNNAMED --add-exports=jdk.unsupported/sun.misc=ALL-UNNAMED --add-exports=jdk.unsupported/sun.reflect=ALL-UNNAMED --add-modules=java.se --add-exports=java.desktop/sun.awt=ALL-UNNAMED --add-exports=java.naming/com.sun.jndi.ldap=ALL-UNNAMED --add-opens=java.base/java.lang=ALL-UNNAMED --add-opens=java.base/java.lang.invoke=ALL-UNNAMED --add-opens=java.base/java.lang.reflect=ALL-UNNAMED --add-opens=java.base/java.io=ALL-UNNAMED --add-opens=java.base/java.security=ALL-UNNAMED --add-opens=java.base/java.util=ALL-UNNAMED --add-opens=java.base/java.util.concurrent=ALL-UNNAMED --add-opens=java.management/javax.management=ALL-UNNAMED --add-opens=java.naming/javax.naming=ALL-UNNAMED --add-exports=java.base/sun.nio.ch=ALL-UNNAMED --add-exports=jdk.unsupported/sun.misc=ALL-UNNAMED --add-exports=jdk.unsupported/sun.reflect=ALL-UNNAMED --add-modules=java.se -Dfile.encoding=Cp1252 -XX:+ShowCodeDetailsInExceptionMessages 
2022-05-10 09:29:51,681 INFO  [org.wildfly.security] (ServerService Thread Pool -- 27) ELY00001: WildFly Elytron version 1.19.0.Final
2022-05-10 09:29:54,756 INFO  [org.jboss.as.server.deployment.scanner] (DeploymentScanner-threads - 1) WFLYDS0004: Found JWebUI_EAR.ear in deployment directory. To trigger deployment create a file called JWebUI_EAR.ear.dodeploy
2022-05-10 09:29:54,796 INFO  [org.jboss.as.server] (Controller Boot Thread) WFLYSRV0039: Creating http management service using socket-binding (management-http)
2022-05-10 09:29:54,834 INFO  [org.xnio] (MSC service thread 1-6) XNIO version 3.8.6.Final
2022-05-10 09:29:54,849 INFO  [org.xnio.nio] (MSC service thread 1-6) XNIO NIO Implementation Version 3.8.6.Final
2022-05-10 09:29:54,967 INFO  [org.jboss.as.jaxrs] (ServerService Thread Pool -- 56) WFLYRS0016: RESTEasy version 4.7.4.Final
2022-05-10 09:29:54,975 INFO  [org.wildfly.extension.io] (ServerService Thread Pool -- 55) WFLYIO001: Worker 'default' has auto-configured to 8 IO threads with 64 max task threads based on your 4 available processors
2022-05-10 09:29:54,979 INFO  [org.wildfly.extension.microprofile.config.smallrye] (ServerService Thread Pool -- 64) WFLYCONF0001: Activating MicroProfile Config Subsystem
2022-05-10 09:29:54,980 INFO  [org.wildfly.extension.elytron.oidc._private] (ServerService Thread Pool -- 52) WFLYOIDC0001: Activating WildFly Elytron OIDC Subsystem
2022-05-10 09:29:54,985 INFO  [org.wildfly.extension.health] (ServerService Thread Pool -- 53) WFLYHEALTH0001: Activating Base Health Subsystem
2022-05-10 09:29:54,989 INFO  [org.jboss.as.clustering.infinispan] (ServerService Thread Pool -- 54) WFLYCLINF0001: Activating Infinispan subsystem.
2022-05-10 09:29:54,993 INFO  [org.wildfly.extension.microprofile.jwt.smallrye] (ServerService Thread Pool -- 65) WFLYJWT0001: Activating MicroProfile JWT Subsystem
2022-05-10 09:29:54,996 INFO  [org.wildfly.extension.microprofile.opentracing] (ServerService Thread Pool -- 66) WFLYTRACEXT0001: Activating MicroProfile OpenTracing Subsystem
2022-05-10 09:29:54,999 WARN  [org.jboss.as.txn] (ServerService Thread Pool -- 74) WFLYTX0013: The node-identifier attribute on the /subsystem=transactions is set to the default value. This is a danger for environments running multiple servers. Please make sure the attribute value is unique.
2022-05-10 09:29:55,005 INFO  [org.jboss.as.jsf] (ServerService Thread Pool -- 61) WFLYJSF0007: Activated the following Jakarta Server Faces Implementations: [main]
2022-05-10 09:29:55,013 INFO  [org.wildfly.extension.metrics] (ServerService Thread Pool -- 63) WFLYMETRICS0001: Activating Base Metrics Subsystem
2022-05-10 09:29:55,115 INFO  [org.jboss.as.naming] (ServerService Thread Pool -- 67) WFLYNAM0001: Activating Naming Subsystem
2022-05-10 09:29:55,115 INFO  [org.jboss.as.webservices] (ServerService Thread Pool -- 76) WFLYWS0002: Activating WebServices Extension
2022-05-10 09:29:55,149 INFO  [org.jboss.remoting] (MSC service thread 1-6) JBoss Remoting version 5.0.24.Final
2022-05-10 09:29:55,229 INFO  [org.jboss.as.connector] (MSC service thread 1-2) WFLYJCA0009: Starting Jakarta Connectors Subsystem (WildFly/IronJacamar 1.5.3.Final)
2022-05-10 09:29:55,268 INFO  [org.wildfly.extension.undertow] (MSC service thread 1-7) WFLYUT0003: Undertow 2.2.16.Final starting
2022-05-10 09:29:55,269 INFO  [org.jboss.as.connector.subsystems.datasources] (ServerService Thread Pool -- 44) WFLYJCA0004: Deploying JDBC-compliant driver class org.h2.Driver (version 1.4)
2022-05-10 09:29:55,308 INFO  [org.jboss.as.connector.deployers.jdbc] (MSC service thread 1-2) WFLYJCA0018: Started Driver service with driver-name = h2
2022-05-10 09:29:55,312 INFO  [org.jboss.as.naming] (MSC service thread 1-6) WFLYNAM0003: Starting Naming Service
2022-05-10 09:29:55,329 INFO  [org.jboss.as.mail.extension] (MSC service thread 1-5) WFLYMAIL0001: Bound mail session [java:jboss/mail/Default]
2022-05-10 09:29:55,343 WARN  [org.wildfly.extension.elytron] (MSC service thread 1-7) WFLYELY00023: KeyStore file 'D:\wildfly-26.1.0.Final\standalone\configuration\application.keystore' does not exist. Used blank.
2022-05-10 09:29:55,404 WARN  [org.wildfly.extension.elytron] (MSC service thread 1-1) WFLYELY01084: KeyStore D:\wildfly-26.1.0.Final\standalone\configuration\application.keystore not found, it will be auto generated on first use with a self-signed certificate for host localhost
2022-05-10 09:29:55,470 INFO  [org.wildfly.extension.undertow] (ServerService Thread Pool -- 75) WFLYUT0014: Creating file handler for path 'D:\wildfly-26.1.0.Final/welcome-content' with options [directory-listing: 'false', follow-symlink: 'false', case-sensitive: 'true', safe-symlink-paths: '[]']
2022-05-10 09:29:55,571 INFO  [org.wildfly.extension.undertow] (MSC service thread 1-7) WFLYUT0012: Started server default-server.
2022-05-10 09:29:55,574 INFO  [org.wildfly.extension.undertow] (MSC service thread 1-5) Queuing requests.
2022-05-10 09:29:55,577 INFO  [org.wildfly.extension.undertow] (MSC service thread 1-5) WFLYUT0018: Host default-host starting
2022-05-10 09:29:55,678 INFO  [org.jboss.as.ejb3] (MSC service thread 1-6) WFLYEJB0481: Strict pool slsb-strict-max-pool is using a max instance size of 64 (per class), which is derived from thread worker pool sizing.
2022-05-10 09:29:55,680 INFO  [org.jboss.as.ejb3] (MSC service thread 1-3) WFLYEJB0482: Strict pool mdb-strict-max-pool is using a max instance size of 16 (per class), which is derived from the number of CPUs on this host.
2022-05-10 09:29:56,029 INFO  [org.wildfly.extension.undertow] (MSC service thread 1-6) WFLYUT0006: Undertow HTTP listener default listening on 127.0.0.1:8080
2022-05-10 09:29:56,030 INFO  [org.wildfly.extension.undertow] (MSC service thread 1-2) WFLYUT0006: Undertow HTTPS listener https listening on 127.0.0.1:8443
2022-05-10 09:29:56,170 INFO  [org.jboss.as.ejb3] (MSC service thread 1-7) WFLYEJB0493: Jakarta Enterprise Beans subsystem suspension complete
2022-05-10 09:29:56,242 INFO  [org.jboss.as.connector.subsystems.datasources] (MSC service thread 1-8) WFLYJCA0001: Bound data source [java:jboss/datasources/ExampleDS]
2022-05-10 09:29:57,028 WARN  [org.wildfly.extension.elytron] (default task-1) WFLYELY01085: Generated self-signed certificate at D:\wildfly-26.1.0.Final\standalone\configuration\application.keystore. Please note that self-signed certificates are not secure and should only be used for testing purposes. Do not use this self-signed certificate in production.
SHA-1 fingerprint of the generated key is 82:a0:99:6c:b5:12:4d:a7:6a:dd:1f:0f:d4:9c:7f:c3:0a:7d:ea:d0
SHA-256 fingerprint of the generated key is 0a:7e:af:82:83:b0:e7:ef:75:46:38:c4:08:69:99:06:90:fe:fc:6b:f0:1f:d3:9d:fe:0d:9b:86:69:9c:9f:79
2022-05-10 09:29:58,464 INFO  [org.jboss.as.patching] (MSC service thread 1-4) WFLYPAT0050: WildFly Full cumulative patch ID is: base, one-off patches include: none
